[10-Jun-2025 09:37:45 America/Santiago] Usuario:|rcastro| Ingreso al sistema
[10-Jun-2025 09:39:54 America/Santiago] PHP Fatal error:  Uncaught PDOException: SQLSTATE[HY000]: General error: 1364 Field 'estado' doesn't have a default value in C:\xampp\htdocs\SGP-DEV\modelos\usuarios.modelo.php:64
Stack trace:
#0 C:\xampp\htdocs\SGP-DEV\modelos\usuarios.modelo.php(64): PDOStatement->execute()
#1 C:\xampp\htdocs\SGP-DEV\controladores\usuarios.controlador.php(80): ModeloUsuarios::mdlIngresarUsuario('usuarios', Array)
#2 C:\xampp\htdocs\SGP-DEV\vistas\modulos\usuarios.php(151): ControladorUsuarios::ctrCrearUsuario()
#3 C:\xampp\htdocs\SGP-DEV\vistas\plantilla.php(113): include('C:\\xampp\\htdocs...')
#4 C:\xampp\htdocs\SGP-DEV\controladores\plantilla.controlador.php(7): include('C:\\xampp\\htdocs...')
#5 C:\xampp\htdocs\SGP-DEV\index.php(19): ControladorPlantilla->ctrPlantilla()
#6 {main}
  thrown in C:\xampp\htdocs\SGP-DEV\modelos\usuarios.modelo.php on line 64
[10-Jun-2025 09:39:58 America/Santiago] PHP Fatal error:  Uncaught PDOException: SQLSTATE[HY000]: General error: 1364 Field 'estado' doesn't have a default value in C:\xampp\htdocs\SGP-DEV\modelos\usuarios.modelo.php:64
Stack trace:
#0 C:\xampp\htdocs\SGP-DEV\modelos\usuarios.modelo.php(64): PDOStatement->execute()
#1 C:\xampp\htdocs\SGP-DEV\controladores\usuarios.controlador.php(80): ModeloUsuarios::mdlIngresarUsuario('usuarios', Array)
#2 C:\xampp\htdocs\SGP-DEV\vistas\modulos\usuarios.php(151): ControladorUsuarios::ctrCrearUsuario()
#3 C:\xampp\htdocs\SGP-DEV\vistas\plantilla.php(113): include('C:\\xampp\\htdocs...')
#4 C:\xampp\htdocs\SGP-DEV\controladores\plantilla.controlador.php(7): include('C:\\xampp\\htdocs...')
#5 C:\xampp\htdocs\SGP-DEV\index.php(19): ControladorPlantilla->ctrPlantilla()
#6 {main}
  thrown in C:\xampp\htdocs\SGP-DEV\modelos\usuarios.modelo.php on line 64
